c:\unisinos\processamentografico\xadrez\sabertooth\x64\debug\vc142.pdb
c:\unisinos\processamentografico\xadrez\sabertooth\x64\debug\vc142.idb
c:\unisinos\processamentografico\xadrez\sabertooth\x64\debug\piece.obj
c:\unisinos\processamentografico\xadrez\sabertooth\x64\debug\main.obj
c:\unisinos\processamentografico\xadrez\sabertooth\x64\debug\layer.obj
c:\unisinos\processamentografico\xadrez\sabertooth\x64\debug\gameobject.obj
c:\unisinos\processamentografico\xadrez\sabertooth\x64\debug\movement.obj
c:\users\mathe\desktop\xadrez\sabertooth\x64\debug\vc142.pdb
c:\users\mathe\desktop\xadrez\sabertooth\x64\debug\vc142.idb
c:\users\mathe\desktop\xadrez\sabertooth\x64\debug\piece.obj
c:\users\mathe\desktop\xadrez\sabertooth\x64\debug\movement.obj
c:\users\mathe\desktop\xadrez\sabertooth\x64\debug\main.obj
c:\users\mathe\desktop\xadrez\sabertooth\x64\debug\layer.obj
c:\users\mathe\desktop\xadrez\sabertooth\x64\debug\gameobject.obj
c:\users\mathe\desktop\xadrez\sabertooth\x64\debug\tile.obj
c:\unisinos\processamentografico\xadrez\x64\debug\chess.exe
c:\unisinos\processamentografico\xadrez\x64\debug\chess.ilk
c:\unisinos\processamentografico\xadrez\x64\debug\chess.pdb
c:\users\mathe\desktop\xadrez\x64\debug\chess.exe
c:\users\mathe\desktop\xadrez\x64\debug\chess.ilk
c:\users\mathe\desktop\xadrez\x64\debug\chess.pdb
c:\users\mathe\desktop\xadrez\sabertooth\x64\debug\chess.tlog\cl.command.1.tlog
c:\users\mathe\desktop\xadrez\sabertooth\x64\debug\chess.tlog\cl.read.1.tlog
c:\users\mathe\desktop\xadrez\sabertooth\x64\debug\chess.tlog\cl.write.1.tlog
c:\users\mathe\desktop\xadrez\sabertooth\x64\debug\chess.tlog\link.command.1.tlog
c:\users\mathe\desktop\xadrez\sabertooth\x64\debug\chess.tlog\link.read.1.tlog
c:\users\mathe\desktop\xadrez\sabertooth\x64\debug\chess.tlog\link.write.1.tlog
