c:\unisinos\processamentografico\roadfighter\sabertooth\x64\debug\vc142.pdb
c:\unisinos\processamentografico\roadfighter\sabertooth\x64\debug\vc142.idb
c:\unisinos\processamentografico\roadfighter\sabertooth\x64\debug\main.obj
c:\unisinos\processamentografico\roadfighter\sabertooth\x64\debug\layer.obj
c:\unisinos\processamentografico\roadfighter\sabertooth\x64\debug\gameobject.obj
c:\unisinos\processamentografico\roadfighter\x64\debug\roadfighter.exe
c:\unisinos\processamentografico\roadfighter\x64\debug\roadfighter.ilk
c:\unisinos\processamentografico\roadfighter\x64\debug\roadfighter.pdb
c:\unisinos\processamentografico\roadfighter\sabertooth\x64\debug\shader.obj
c:\unisinos\processamentografico\roadfighter\sabertooth\x64\debug\system.obj
c:\unisinos\processamentografico\roadfighter\sabertooth\x64\debug\texture.obj
c:\unisinos\processamentografico\roadfighter\sabertooth\x64\debug\time.obj
c:\unisinos\processamentografico\roadfighter\sabertooth\x64\debug\vc141.idb
c:\unisinos\processamentografico\roadfighter\sabertooth\x64\debug\vc141.pdb
c:\unisinos\processamentografico\roadfighter\sabertooth\x64\debug\roadfighter.tlog\cl.command.1.tlog
c:\unisinos\processamentografico\roadfighter\sabertooth\x64\debug\roadfighter.tlog\cl.read.1.tlog
c:\unisinos\processamentografico\roadfighter\sabertooth\x64\debug\roadfighter.tlog\cl.write.1.tlog
c:\unisinos\processamentografico\roadfighter\sabertooth\x64\debug\roadfighter.tlog\link.command.1.tlog
c:\unisinos\processamentografico\roadfighter\sabertooth\x64\debug\roadfighter.tlog\link.read.1.tlog
c:\unisinos\processamentografico\roadfighter\sabertooth\x64\debug\roadfighter.tlog\link.write.1.tlog
